  10_chemac_2a.cpp
C:\Users\Eli PC\source\repos\acherubino\EECE2560\10_chemac_2a\10_chemac_2a\10_chemac_2a.cpp(148,13): warning C4244: 'argument': conversion from 'time_t' to 'unsigned int', possible loss of data
C:\Users\Eli PC\source\repos\acherubino\EECE2560\10_chemac_2a\10_chemac_2a\10_chemac_2a.cpp(101,20): warning C4018: '<': signed/unsigned mismatch
C:\Users\Eli PC\source\repos\acherubino\EECE2560\10_chemac_2a\10_chemac_2a\10_chemac_2a.cpp(94): message : while compiling class template member function 'deck<T>::deck(void)'
          with
          [
              T=std::string
          ]
C:\Users\Eli PC\source\repos\acherubino\EECE2560\10_chemac_2a\10_chemac_2a\10_chemac_2a.cpp(168): message : see reference to function template instantiation 'deck<T>::deck(void)' being compiled
          with
          [
              T=std::string
          ]
C:\Users\Eli PC\source\repos\acherubino\EECE2560\10_chemac_2a\10_chemac_2a\10_chemac_2a.cpp(168): message : see reference to class template instantiation 'deck<T>' being compiled
          with
          [
              T=std::string
          ]
C:\Users\Eli PC\source\repos\acherubino\EECE2560\10_chemac_2a\10_chemac_2a\10_chemac_2a.cpp(103,21): warning C4018: '<': signed/unsigned mismatch
C:\Users\Eli PC\source\repos\acherubino\EECE2560\10_chemac_2a\10_chemac_2a\10_chemac_2a.cpp(148,12): warning C4244: 'argument': conversion from 'time_t' to 'unsigned int', possible loss of data
C:\Users\Eli PC\source\repos\acherubino\EECE2560\10_chemac_2a\10_chemac_2a\10_chemac_2a.cpp(143): message : while compiling class template member function 'void deck<T>::shuffle(deck<T> &)'
          with
          [
              T=std::string
          ]
C:\Users\Eli PC\source\repos\acherubino\EECE2560\10_chemac_2a\10_chemac_2a\10_chemac_2a.cpp(170): message : see reference to function template instantiation 'void deck<T>::shuffle(deck<T> &)' being compiled
          with
          [
              T=std::string
          ]
  10_chemac_2a.vcxproj -> C:\Users\Eli PC\source\repos\acherubino\EECE2560\10_chemac_2a\Debug\10_chemac_2a.exe
